2022/03/07 09:03:44 [notice] 1#1: using the "epoll" event method
2022/03/07 09:03:44 [notice] 1#1: nginx/1.21.6
2022/03/07 09:03:44 [notice] 1#1: built by gcc 10.2.1 20210110 (Debian 10.2.1-6) 
2022/03/07 09:03:44 [notice] 1#1: OS: Linux 3.10.0-1160.6.1.el7.x86_64
2022/03/07 09:03:44 [notice] 1#1: getrlimit(RLIMIT_NOFILE): 1048576:1048576
2022/03/07 09:03:44 [notice] 1#1: start worker processes
2022/03/07 09:03:44 [notice] 1#1: start worker process 22
2022/03/07 09:03:44 [notice] 1#1: start worker process 23
2022/03/07 09:03:44 [notice] 1#1: start worker process 24
2022/03/07 09:03:44 [notice] 1#1: start worker process 25
2022/03/07 09:21:03 [notice] 1#1: signal 3 (SIGQUIT) received, shutting down
2022/03/07 09:21:03 [notice] 24#24: gracefully shutting down
2022/03/07 09:21:03 [notice] 24#24: exiting
2022/03/07 09:21:03 [notice] 24#24: exit
2022/03/07 09:21:03 [notice] 23#23: gracefully shutting down
2022/03/07 09:21:03 [notice] 23#23: exiting
2022/03/07 09:21:03 [notice] 23#23: exit
2022/03/07 09:21:03 [notice] 25#25: gracefully shutting down
2022/03/07 09:21:03 [notice] 25#25: exiting
2022/03/07 09:21:03 [notice] 25#25: exit
2022/03/07 09:21:03 [notice] 22#22: gracefully shutting down
2022/03/07 09:21:03 [notice] 22#22: exiting
2022/03/07 09:21:03 [notice] 22#22: exit
2022/03/07 09:21:03 [notice] 1#1: signal 17 (SIGCHLD) received from 25
2022/03/07 09:21:03 [notice] 1#1: worker process 23 exited with code 0
2022/03/07 09:21:03 [notice] 1#1: worker process 25 exited with code 0
2022/03/07 09:21:03 [notice] 1#1: signal 29 (SIGIO) received
2022/03/07 09:21:03 [notice] 1#1: signal 17 (SIGCHLD) received from 23
2022/03/07 09:21:03 [notice] 1#1: signal 17 (SIGCHLD) received from 24
2022/03/07 09:21:03 [notice] 1#1: worker process 24 exited with code 0
2022/03/07 09:21:03 [notice] 1#1: signal 29 (SIGIO) received
2022/03/07 09:21:03 [notice] 1#1: signal 17 (SIGCHLD) received from 22
2022/03/07 09:21:03 [notice] 1#1: worker process 22 exited with code 0
2022/03/07 09:21:03 [notice] 1#1: exit
2022/03/07 09:37:07 [emerg] 1#1: host not found in upstream "altermanager" in /etc/nginx/conf.d/altermanager.conf:24
2022/03/07 09:37:10 [emerg] 1#1: host not found in upstream "altermanager" in /etc/nginx/conf.d/altermanager.conf:24
2022/03/07 09:37:12 [emerg] 1#1: host not found in upstream "altermanager" in /etc/nginx/conf.d/altermanager.conf:24
2022/03/07 09:37:14 [emerg] 1#1: host not found in upstream "altermanager" in /etc/nginx/conf.d/altermanager.conf:24
2022/03/07 09:37:17 [emerg] 1#1: host not found in upstream "altermanager" in /etc/nginx/conf.d/altermanager.conf:24
2022/03/07 09:37:19 [emerg] 1#1: host not found in upstream "altermanager" in /etc/nginx/conf.d/altermanager.conf:24
2022/03/07 09:37:24 [emerg] 1#1: host not found in upstream "altermanager" in /etc/nginx/conf.d/altermanager.conf:24
2022/03/07 09:37:32 [emerg] 1#1: host not found in upstream "altermanager" in /etc/nginx/conf.d/altermanager.conf:24
2022/03/07 09:37:46 [emerg] 1#1: host not found in upstream "altermanager" in /etc/nginx/conf.d/altermanager.conf:24
2022/03/07 09:38:13 [emerg] 1#1: host not found in upstream "altermanager" in /etc/nginx/conf.d/altermanager.conf:24
2022/03/07 09:39:06 [emerg] 1#1: host not found in upstream "altermanager" in /etc/nginx/conf.d/altermanager.conf:24
2022/03/07 09:40:07 [emerg] 1#1: host not found in upstream "altermanager" in /etc/nginx/conf.d/altermanager.conf:24
2022/03/07 09:41:09 [emerg] 1#1: host not found in upstream "altermanager" in /etc/nginx/conf.d/altermanager.conf:24
2022/03/07 09:42:10 [emerg] 1#1: host not found in upstream "altermanager" in /etc/nginx/conf.d/altermanager.conf:24
2022/03/07 09:43:11 [emerg] 1#1: host not found in upstream "altermanager" in /etc/nginx/conf.d/altermanager.conf:24
2022/03/07 09:44:13 [emerg] 1#1: host not found in upstream "altermanager" in /etc/nginx/conf.d/altermanager.conf:24
2022/03/07 09:45:19 [emerg] 1#1: host not found in upstream "altermanager" in /etc/nginx/conf.d/altermanager.conf:24
2022/03/07 09:46:21 [emerg] 1#1: host not found in upstream "altermanager" in /etc/nginx/conf.d/altermanager.conf:24
2022/03/07 09:47:22 [emerg] 1#1: host not found in upstream "altermanager" in /etc/nginx/conf.d/altermanager.conf:24
2022/03/07 09:48:23 [emerg] 1#1: host not found in upstream "altermanager" in /etc/nginx/conf.d/altermanager.conf:24
2022/03/07 09:49:25 [emerg] 1#1: host not found in upstream "altermanager" in /etc/nginx/conf.d/altermanager.conf:24
2022/03/07 09:50:26 [emerg] 1#1: host not found in upstream "altermanager" in /etc/nginx/conf.d/altermanager.conf:24
2022/03/07 09:51:28 [emerg] 1#1: host not found in upstream "prometheous" in /etc/nginx/conf.d/prom.conf:24
2022/03/07 09:51:44 [emerg] 1#1: host not found in upstream "prometheous" in /etc/nginx/conf.d/prom.conf:24
2022/03/07 09:51:46 [emerg] 1#1: host not found in upstream "prometheous" in /etc/nginx/conf.d/prom.conf:24
2022/03/07 09:51:48 [emerg] 1#1: host not found in upstream "prometheous" in /etc/nginx/conf.d/prom.conf:24
2022/03/07 09:51:51 [emerg] 1#1: host not found in upstream "prometheous" in /etc/nginx/conf.d/prom.conf:24
2022/03/07 09:51:57 [emerg] 1#1: host not found in upstream "prometheous" in /etc/nginx/conf.d/prom.conf:24
2022/03/07 09:52:01 [emerg] 1#1: host not found in upstream "prometheous" in /etc/nginx/conf.d/prom.conf:24
2022/03/07 09:52:06 [emerg] 1#1: host not found in upstream "prometheous" in /etc/nginx/conf.d/prom.conf:24
2022/03/07 09:52:14 [emerg] 1#1: host not found in upstream "prometheous" in /etc/nginx/conf.d/prom.conf:24
2022/03/07 09:52:28 [emerg] 1#1: host not found in upstream "prometheous" in /etc/nginx/conf.d/prom.conf:24
2022/03/07 09:52:55 [emerg] 1#1: host not found in upstream "prometheous" in /etc/nginx/conf.d/prom.conf:24
2022/03/07 09:53:47 [emerg] 1#1: host not found in upstream "prometheous" in /etc/nginx/conf.d/prom.conf:24
2022/03/07 09:54:21 [emerg] 1#1: host not found in upstream "prometheous" in /etc/nginx/conf.d/prom.conf:24
2022/03/07 09:54:25 [emerg] 1#1: host not found in upstream "prometheous" in /etc/nginx/conf.d/prom.conf:24
2022/03/07 09:54:27 [emerg] 1#1: host not found in upstream "prometheous" in /etc/nginx/conf.d/prom.conf:24
2022/03/07 09:54:30 [emerg] 1#1: host not found in upstream "prometheous" in /etc/nginx/conf.d/prom.conf:24
2022/03/07 09:54:32 [emerg] 1#1: host not found in upstream "prometheous" in /etc/nginx/conf.d/prom.conf:24
2022/03/07 09:54:35 [emerg] 1#1: host not found in upstream "prometheous" in /etc/nginx/conf.d/prom.conf:24
2022/03/07 09:54:40 [emerg] 1#1: host not found in upstream "prometheous" in /etc/nginx/conf.d/prom.conf:24
2022/03/07 09:54:47 [emerg] 1#1: host not found in upstream "prometheous" in /etc/nginx/conf.d/prom.conf:24
2022/03/07 09:55:01 [emerg] 1#1: host not found in upstream "prometheous" in /etc/nginx/conf.d/prom.conf:24
2022/03/07 09:55:28 [emerg] 1#1: host not found in upstream "prometheous" in /etc/nginx/conf.d/prom.conf:24
2022/03/07 09:55:34 [emerg] 1#1: cannot load certificate "/etc/nginx/cert/site.pem": BIO_new_file() failed (SSL: error:02001002:system library:fopen:No such file or directory:fopen('/etc/nginx/cert/site.pem','r') error:2006D080:BIO routines:BIO_new_file:no such file)
2022/03/07 09:55:36 [emerg] 1#1: cannot load certificate "/etc/nginx/cert/site.pem": BIO_new_file() failed (SSL: error:02001002:system library:fopen:No such file or directory:fopen('/etc/nginx/cert/site.pem','r') error:2006D080:BIO routines:BIO_new_file:no such file)
2022/03/07 09:55:38 [emerg] 1#1: cannot load certificate "/etc/nginx/cert/site.pem": BIO_new_file() failed (SSL: error:02001002:system library:fopen:No such file or directory:fopen('/etc/nginx/cert/site.pem','r') error:2006D080:BIO routines:BIO_new_file:no such file)
2022/03/07 09:55:40 [emerg] 1#1: cannot load certificate "/etc/nginx/cert/site.pem": BIO_new_file() failed (SSL: error:02001002:system library:fopen:No such file or directory:fopen('/etc/nginx/cert/site.pem','r') error:2006D080:BIO routines:BIO_new_file:no such file)
2022/03/07 09:55:43 [emerg] 1#1: cannot load certificate "/etc/nginx/cert/site.pem": BIO_new_file() failed (SSL: error:02001002:system library:fopen:No such file or directory:fopen('/etc/nginx/cert/site.pem','r') error:2006D080:BIO routines:BIO_new_file:no such file)
2022/03/07 09:55:46 [emerg] 1#1: cannot load certificate "/etc/nginx/cert/site.pem": BIO_new_file() failed (SSL: error:02001002:system library:fopen:No such file or directory:fopen('/etc/nginx/cert/site.pem','r') error:2006D080:BIO routines:BIO_new_file:no such file)
2022/03/07 09:55:50 [emerg] 1#1: cannot load certificate "/etc/nginx/cert/site.pem": BIO_new_file() failed (SSL: error:02001002:system library:fopen:No such file or directory:fopen('/etc/nginx/cert/site.pem','r') error:2006D080:BIO routines:BIO_new_file:no such file)
2022/03/07 09:55:59 [emerg] 1#1: cannot load certificate "/etc/nginx/cert/site.pem": BIO_new_file() failed (SSL: error:02001002:system library:fopen:No such file or directory:fopen('/etc/nginx/cert/site.pem','r') error:2006D080:BIO routines:BIO_new_file:no such file)
2022/03/07 09:56:13 [emerg] 1#1: cannot load certificate "/etc/nginx/cert/site.pem": BIO_new_file() failed (SSL: error:02001002:system library:fopen:No such file or directory:fopen('/etc/nginx/cert/site.pem','r') error:2006D080:BIO routines:BIO_new_file:no such file)
2022/03/07 09:56:36 [emerg] 1#1: cannot load certificate "/etc/nginx/cert/site.pem": PEM_read_bio_X509_AUX() failed (SSL: error:0909006C:PEM routines:get_name:no start line:Expecting: TRUSTED CERTIFICATE)
2022/03/07 09:56:39 [emerg] 1#1: cannot load certificate "/etc/nginx/cert/site.pem": PEM_read_bio_X509_AUX() failed (SSL: error:0909006C:PEM routines:get_name:no start line:Expecting: TRUSTED CERTIFICATE)
2022/03/07 09:56:41 [emerg] 1#1: cannot load certificate "/etc/nginx/cert/site.pem": PEM_read_bio_X509_AUX() failed (SSL: error:0909006C:PEM routines:get_name:no start line:Expecting: TRUSTED CERTIFICATE)
2022/03/07 09:56:44 [emerg] 1#1: cannot load certificate "/etc/nginx/cert/site.pem": PEM_read_bio_X509_AUX() failed (SSL: error:0909006C:PEM routines:get_name:no start line:Expecting: TRUSTED CERTIFICATE)
2022/03/07 09:56:47 [emerg] 1#1: cannot load certificate "/etc/nginx/cert/site.pem": PEM_read_bio_X509_AUX() failed (SSL: error:0909006C:PEM routines:get_name:no start line:Expecting: TRUSTED CERTIFICATE)
2022/03/07 09:56:50 [emerg] 1#1: cannot load certificate "/etc/nginx/cert/site.pem": PEM_read_bio_X509_AUX() failed (SSL: error:0909006C:PEM routines:get_name:no start line:Expecting: TRUSTED CERTIFICATE)
2022/03/07 09:56:55 [emerg] 1#1: cannot load certificate "/etc/nginx/cert/site.pem": PEM_read_bio_X509_AUX() failed (SSL: error:0909006C:PEM routines:get_name:no start line:Expecting: TRUSTED CERTIFICATE)
2022/03/07 09:57:03 [emerg] 1#1: cannot load certificate "/etc/nginx/cert/site.pem": PEM_read_bio_X509_AUX() failed (SSL: error:0909006C:PEM routines:get_name:no start line:Expecting: TRUSTED CERTIFICATE)
2022/03/07 09:57:16 [emerg] 1#1: cannot load certificate "/etc/nginx/cert/site.pem": PEM_read_bio_X509_AUX() failed (SSL: error:0909006C:PEM routines:get_name:no start line:Expecting: TRUSTED CERTIFICATE)
2022/03/07 09:57:40 [warn] 1#1: conflicting server name "_" on 0.0.0.0:80, ignored
2022/03/07 09:57:40 [emerg] 1#1: open() "/data/logs/nginx/proxy.log" failed (2: No such file or directory)
2022/03/07 09:57:43 [warn] 1#1: conflicting server name "_" on 0.0.0.0:80, ignored
2022/03/07 09:57:43 [emerg] 1#1: open() "/data/logs/nginx/proxy.log" failed (2: No such file or directory)
2022/03/07 09:57:45 [warn] 1#1: conflicting server name "_" on 0.0.0.0:80, ignored
2022/03/07 09:57:45 [emerg] 1#1: open() "/data/logs/nginx/proxy.log" failed (2: No such file or directory)
2022/03/07 09:57:47 [warn] 1#1: conflicting server name "_" on 0.0.0.0:80, ignored
2022/03/07 09:57:47 [emerg] 1#1: open() "/data/logs/nginx/proxy.log" failed (2: No such file or directory)
2022/03/07 09:57:50 [warn] 1#1: conflicting server name "_" on 0.0.0.0:80, ignored
2022/03/07 09:57:50 [emerg] 1#1: open() "/data/logs/nginx/proxy.log" failed (2: No such file or directory)
2022/03/07 09:57:52 [warn] 1#1: conflicting server name "_" on 0.0.0.0:80, ignored
2022/03/07 09:57:52 [emerg] 1#1: open() "/data/logs/nginx/proxy.log" failed (2: No such file or directory)
2022/03/07 09:57:57 [warn] 1#1: conflicting server name "_" on 0.0.0.0:80, ignored
2022/03/07 09:57:57 [emerg] 1#1: open() "/data/logs/nginx/proxy.log" failed (2: No such file or directory)
2022/03/07 09:58:05 [warn] 1#1: conflicting server name "_" on 0.0.0.0:80, ignored
2022/03/07 09:58:05 [emerg] 1#1: open() "/data/logs/nginx/proxy.log" failed (2: No such file or directory)
2022/03/07 09:58:19 [warn] 1#1: conflicting server name "_" on 0.0.0.0:80, ignored
2022/03/07 09:58:28 [warn] 1#1: conflicting server name "_" on 0.0.0.0:80, ignored
2022/03/07 10:01:48 [emerg] 1#1: unknown directive "echo" in /etc/nginx/conf.d/default.conf:15
2022/03/07 10:01:50 [emerg] 1#1: unknown directive "echo" in /etc/nginx/conf.d/default.conf:15
2022/03/07 10:01:52 [emerg] 1#1: unknown directive "echo" in /etc/nginx/conf.d/default.conf:15
2022/03/07 10:01:55 [emerg] 1#1: unknown directive "echo" in /etc/nginx/conf.d/default.conf:15
2022/03/07 10:01:57 [emerg] 1#1: unknown directive "echo" in /etc/nginx/conf.d/default.conf:15
2022/03/07 10:02:00 [emerg] 1#1: unknown directive "echo" in /etc/nginx/conf.d/default.conf:15
2022/03/07 10:02:04 [emerg] 1#1: unknown directive "echo" in /etc/nginx/conf.d/default.conf:15
2022/03/07 10:02:12 [emerg] 1#1: unknown directive "echo" in /etc/nginx/conf.d/default.conf:15
2022/03/07 10:02:26 [emerg] 1#1: unknown directive "echo" in /etc/nginx/conf.d/default.conf:15
2022/03/07 10:02:52 [emerg] 1#1: unknown directive "echo" in /etc/nginx/conf.d/default.conf:15
2022/03/07 10:03:04 [emerg] 1#1: unexpected "}" in /etc/nginx/nginx.conf:49
2022/03/07 10:03:07 [emerg] 1#1: unexpected "}" in /etc/nginx/nginx.conf:49
2022/03/07 10:03:09 [emerg] 1#1: unexpected "}" in /etc/nginx/nginx.conf:49
2022/03/07 10:03:11 [emerg] 1#1: unexpected "}" in /etc/nginx/nginx.conf:49
2022/03/07 10:03:14 [emerg] 1#1: unexpected "}" in /etc/nginx/nginx.conf:49
2022/03/07 10:03:17 [emerg] 1#1: unexpected "}" in /etc/nginx/nginx.conf:49
2022/03/07 10:03:22 [emerg] 1#1: unexpected "}" in /etc/nginx/nginx.conf:49
